[ 2026-06-22 15:22:50,091 ] 20 root - INFO - Initiate the data ingestion
[ 2026-06-22 15:22:50,225 ] 96 pymongo.serverSelection - INFO - {"message": "Waiting for suitable server to become available", "selector": "Primary()", "operation": "find", "topologyDescription": "<TopologyDescription id: 6a3905f2ea6f62814a011328, topology_type: ReplicaSetNoPrimary, servers: [<ServerDescription ('ac-njxf8fd-shard-00-00.bcgjaqx.mongodb.net', 27017) server_type: Unknown, rtt: None>, <ServerDescription ('ac-njxf8fd-shard-00-01.bcgjaqx.mongodb.net', 27017) server_type: Unknown, rtt: None>, <ServerDescription ('ac-njxf8fd-shard-00-02.bcgjaqx.mongodb.net', 27017) server_type: Unknown, rtt: None>]>", "clientId": {"$oid": "6a3905f2ea6f62814a011328"}, "remainingTimeMS": 29}
[ 2026-06-22 15:22:52,001 ] 85 root - INFO - Performed train test split on the dataframe
[ 2026-06-22 15:22:52,001 ] 87 root - INFO - Exited split_data_as_train_test method of Data_Ingestion class
[ 2026-06-22 15:22:52,001 ] 95 root - INFO - Exporting train and test file path.
[ 2026-06-22 15:22:52,025 ] 104 root - INFO - Exported train and test file path.
[ 2026-06-22 15:22:52,025 ] 22 root - INFO - Data Initiation Completed
[ 2026-06-22 15:22:52,028 ] 26 root - INFO - Initiate the data Validation
[ 2026-06-22 15:22:52,034 ] 32 root - INFO - Required number of columns:2
[ 2026-06-22 15:22:52,034 ] 33 root - INFO - Data frame has columns:31
[ 2026-06-22 15:22:52,034 ] 32 root - INFO - Required number of columns:2
[ 2026-06-22 15:22:52,034 ] 33 root - INFO - Data frame has columns:31
[ 2026-06-22 15:22:52,102 ] 28 root - INFO - data Validation Completed
[ 2026-06-22 15:22:52,102 ] 31 root - INFO - data Transformation started
[ 2026-06-22 15:22:52,102 ] 63 root - INFO - Entered initiate_data_transformation method of DataTransformation class
[ 2026-06-22 15:22:52,102 ] 65 root - INFO - Starting data transformation
[ 2026-06-22 15:22:52,108 ] 48 root - INFO - Entered get_data_trnasformer_object method of Trnasformation class
[ 2026-06-22 15:22:52,108 ] 53 root - INFO - Initialise KNNImputer with {'missing_values': nan, 'n_neighbors': 3, 'weights': 'uniform'}
[ 2026-06-22 15:22:52,111 ] 46 root - INFO - Entered the save_object method of MainUtils class
[ 2026-06-22 15:22:52,111 ] 50 root - INFO - Exited the save_object method of MainUtils class
[ 2026-06-22 15:22:52,111 ] 46 root - INFO - Entered the save_object method of MainUtils class
[ 2026-06-22 15:22:52,112 ] 50 root - INFO - Exited the save_object method of MainUtils class
[ 2026-06-22 15:22:52,112 ] 35 root - INFO - data Transformation completed
[ 2026-06-22 15:22:52,112 ] 37 root - INFO - Model Training sstared
[ 2026-06-22 15:24:22,065 ] 60 root - WARNING - MLflow tracking failed (skipping): 403: You have reached the limit of 100 experiments for a private repository in the free plan.
Please upgrade to the Team plan to increase the limit at https://dagshub.com/pricing?repo_id=52439
[ 2026-06-22 15:24:24,553 ] 60 root - WARNING - MLflow tracking failed (skipping): 403: You have reached the limit of 100 experiments for a private repository in the free plan.
Please upgrade to the Team plan to increase the limit at https://dagshub.com/pricing?repo_id=52439
[ 2026-06-22 15:24:24,558 ] 46 root - INFO - Entered the save_object method of MainUtils class
[ 2026-06-22 15:24:24,595 ] 50 root - INFO - Exited the save_object method of MainUtils class
[ 2026-06-22 15:24:24,595 ] 46 root - INFO - Entered the save_object method of MainUtils class
[ 2026-06-22 15:24:24,610 ] 50 root - INFO - Exited the save_object method of MainUtils class
[ 2026-06-22 15:24:24,610 ] 125 root - INFO - Model trainer artifact: ModelTrainerArtifact(trained_model_file_path='Artifacts/06_22_2026_15_22_48/model_trainer/trained_model/model.pkl', train_metric_artifact=ClassificationMetricArtifact(f1_score=0.9907435662699624, precision_score=0.9896362527941476, recall_score=0.9918533604887984), test_metric_artifact=ClassificationMetricArtifact(f1_score=0.9755902360944377, precision_score=0.9736421725239617, recall_score=0.9775461106655974))
[ 2026-06-22 15:24:24,611 ] 42 root - INFO - Model Training artifact created
