[ 2026-06-22 14:58:48,660 ] 20 root - INFO - Initiate the data ingestion
[ 2026-06-22 14:58:48,879 ] 96 pymongo.serverSelection - INFO - {"message": "Waiting for suitable server to become available", "selector": "Primary()", "operation": "find", "topologyDescription": "<TopologyDescription id: 6a3900504bd32a85edfe2d25, topology_type: ReplicaSetNoPrimary, servers: [<ServerDescription ('ac-njxf8fd-shard-00-00.bcgjaqx.mongodb.net', 27017) server_type: Unknown, rtt: None>, <ServerDescription ('ac-njxf8fd-shard-00-01.bcgjaqx.mongodb.net', 27017) server_type: Unknown, rtt: None>, <ServerDescription ('ac-njxf8fd-shard-00-02.bcgjaqx.mongodb.net', 27017) server_type: Unknown, rtt: None>]>", "clientId": {"$oid": "6a3900504bd32a85edfe2d25"}, "remainingTimeMS": 29}
[ 2026-06-22 14:58:50,889 ] 85 root - INFO - Performed train test split on the dataframe
[ 2026-06-22 14:58:50,889 ] 87 root - INFO - Exited split_data_as_train_test method of Data_Ingestion class
[ 2026-06-22 14:58:50,889 ] 95 root - INFO - Exporting train and test file path.
[ 2026-06-22 14:58:50,913 ] 104 root - INFO - Exported train and test file path.
[ 2026-06-22 14:58:50,913 ] 22 root - INFO - Data Initiation Completed
[ 2026-06-22 14:58:50,916 ] 26 root - INFO - Initiate the data Validation
[ 2026-06-22 14:58:50,922 ] 32 root - INFO - Required number of columns:2
[ 2026-06-22 14:58:50,922 ] 33 root - INFO - Data frame has columns:31
[ 2026-06-22 14:58:50,922 ] 32 root - INFO - Required number of columns:2
[ 2026-06-22 14:58:50,922 ] 33 root - INFO - Data frame has columns:31
[ 2026-06-22 14:58:50,982 ] 28 root - INFO - data Validation Completed
[ 2026-06-22 14:58:50,982 ] 31 root - INFO - data Transformation started
[ 2026-06-22 14:58:50,982 ] 63 root - INFO - Entered initiate_data_transformation method of DataTransformation class
[ 2026-06-22 14:58:50,982 ] 65 root - INFO - Starting data transformation
[ 2026-06-22 14:58:50,989 ] 48 root - INFO - Entered get_data_trnasformer_object method of Trnasformation class
[ 2026-06-22 14:58:50,989 ] 53 root - INFO - Initialise KNNImputer with {'missing_values': nan, 'n_neighbors': 3, 'weights': 'uniform'}
[ 2026-06-22 14:58:50,991 ] 46 root - INFO - Entered the save_object method of MainUtils class
[ 2026-06-22 14:58:50,992 ] 50 root - INFO - Exited the save_object method of MainUtils class
[ 2026-06-22 14:58:50,992 ] 46 root - INFO - Entered the save_object method of MainUtils class
[ 2026-06-22 14:58:50,992 ] 50 root - INFO - Exited the save_object method of MainUtils class
[ 2026-06-22 14:58:50,992 ] 35 root - INFO - data Transformation completed
[ 2026-06-22 14:58:50,992 ] 37 root - INFO - Model Training sstared
