[ 2026-06-22 15:10:32,337 ] 20 root - INFO - Initiate the data ingestion
[ 2026-06-22 15:10:32,526 ] 96 pymongo.serverSelection - INFO - {"message": "Waiting for suitable server to become available", "selector": "Primary()", "operation": "find", "topologyDescription": "<TopologyDescription id: 6a390310f441aad14dc89fe3, topology_type: ReplicaSetNoPrimary, servers: [<ServerDescription ('ac-njxf8fd-shard-00-00.bcgjaqx.mongodb.net', 27017) server_type: Unknown, rtt: None>, <ServerDescription ('ac-njxf8fd-shard-00-01.bcgjaqx.mongodb.net', 27017) server_type: Unknown, rtt: None>, <ServerDescription ('ac-njxf8fd-shard-00-02.bcgjaqx.mongodb.net', 27017) server_type: Unknown, rtt: None>]>", "clientId": {"$oid": "6a390310f441aad14dc89fe3"}, "remainingTimeMS": 29}
[ 2026-06-22 15:10:35,063 ] 85 root - INFO - Performed train test split on the dataframe
[ 2026-06-22 15:10:35,064 ] 87 root - INFO - Exited split_data_as_train_test method of Data_Ingestion class
[ 2026-06-22 15:10:35,064 ] 95 root - INFO - Exporting train and test file path.
[ 2026-06-22 15:10:35,087 ] 104 root - INFO - Exported train and test file path.
[ 2026-06-22 15:10:35,088 ] 22 root - INFO - Data Initiation Completed
[ 2026-06-22 15:10:35,090 ] 26 root - INFO - Initiate the data Validation
[ 2026-06-22 15:10:35,097 ] 32 root - INFO - Required number of columns:2
[ 2026-06-22 15:10:35,097 ] 33 root - INFO - Data frame has columns:31
[ 2026-06-22 15:10:35,097 ] 32 root - INFO - Required number of columns:2
[ 2026-06-22 15:10:35,097 ] 33 root - INFO - Data frame has columns:31
[ 2026-06-22 15:10:35,158 ] 28 root - INFO - data Validation Completed
[ 2026-06-22 15:10:35,158 ] 31 root - INFO - data Transformation started
[ 2026-06-22 15:10:35,158 ] 63 root - INFO - Entered initiate_data_transformation method of DataTransformation class
[ 2026-06-22 15:10:35,158 ] 65 root - INFO - Starting data transformation
[ 2026-06-22 15:10:35,165 ] 48 root - INFO - Entered get_data_trnasformer_object method of Trnasformation class
[ 2026-06-22 15:10:35,165 ] 53 root - INFO - Initialise KNNImputer with {'missing_values': nan, 'n_neighbors': 3, 'weights': 'uniform'}
[ 2026-06-22 15:10:35,167 ] 46 root - INFO - Entered the save_object method of MainUtils class
[ 2026-06-22 15:10:35,168 ] 50 root - INFO - Exited the save_object method of MainUtils class
[ 2026-06-22 15:10:35,168 ] 46 root - INFO - Entered the save_object method of MainUtils class
[ 2026-06-22 15:10:35,168 ] 50 root - INFO - Exited the save_object method of MainUtils class
[ 2026-06-22 15:10:35,168 ] 35 root - INFO - data Transformation completed
[ 2026-06-22 15:10:35,168 ] 37 root - INFO - Model Training sstared
