[ 2026-06-23 13:54:24,403 ] 42 root - INFO - Start data Ingestion
[ 2026-06-23 13:54:24,624 ] 96 pymongo.serverSelection - INFO - {"message": "Waiting for suitable server to become available", "selector": "Primary()", "operation": "find", "topologyDescription": "<TopologyDescription id: 6a3a42b8bc4bf138f4d1132a, topology_type: ReplicaSetNoPrimary, servers: [<ServerDescription ('ac-njxf8fd-shard-00-00.bcgjaqx.mongodb.net', 27017) server_type: Unknown, rtt: None>, <ServerDescription ('ac-njxf8fd-shard-00-01.bcgjaqx.mongodb.net', 27017) server_type: Unknown, rtt: None>, <ServerDescription ('ac-njxf8fd-shard-00-02.bcgjaqx.mongodb.net', 27017) server_type: Unknown, rtt: None>]>", "clientId": {"$oid": "6a3a42b8bc4bf138f4d1132a"}, "remainingTimeMS": 29}
[ 2026-06-23 13:54:26,515 ] 85 root - INFO - Performed train test split on the dataframe
[ 2026-06-23 13:54:26,515 ] 87 root - INFO - Exited split_data_as_train_test method of Data_Ingestion class
[ 2026-06-23 13:54:26,515 ] 95 root - INFO - Exporting train and test file path.
[ 2026-06-23 13:54:26,538 ] 104 root - INFO - Exported train and test file path.
[ 2026-06-23 13:54:26,538 ] 45 root - INFO - Data Ingestion completed and artifact: DataIngestionArtifact(trained_file_path='Artifacts/06_23_2026_13_43_55/data_ingestion/ingested/train.csv', test_file_path='Artifacts/06_23_2026_13_43_55/data_ingestion/ingested/test.csv')
[ 2026-06-23 13:54:26,541 ] 55 root - INFO - Initiate the data Validation
[ 2026-06-23 13:54:26,547 ] 32 root - INFO - Required number of columns:2
[ 2026-06-23 13:54:26,547 ] 33 root - INFO - Data frame has columns:31
[ 2026-06-23 13:54:26,547 ] 32 root - INFO - Required number of columns:2
[ 2026-06-23 13:54:26,547 ] 33 root - INFO - Data frame has columns:31
[ 2026-06-23 13:54:26,619 ] 63 root - INFO - Entered initiate_data_transformation method of DataTransformation class
[ 2026-06-23 13:54:26,619 ] 65 root - INFO - Starting data transformation
[ 2026-06-23 13:54:26,626 ] 48 root - INFO - Entered get_data_trnasformer_object method of Trnasformation class
[ 2026-06-23 13:54:26,626 ] 53 root - INFO - Initialise KNNImputer with {'missing_values': nan, 'n_neighbors': 3, 'weights': 'uniform'}
[ 2026-06-23 13:54:26,628 ] 46 root - INFO - Entered the save_object method of MainUtils class
[ 2026-06-23 13:54:26,631 ] 50 root - INFO - Exited the save_object method of MainUtils class
[ 2026-06-23 13:54:26,631 ] 46 root - INFO - Entered the save_object method of MainUtils class
[ 2026-06-23 13:54:26,631 ] 50 root - INFO - Exited the save_object method of MainUtils class
[ 2026-06-23 13:55:55,916 ] 60 root - WARNING - MLflow tracking failed (skipping): 403: You have reached the limit of 100 experiments for a private repository in the free plan.
Please upgrade to the Team plan to increase the limit at https://dagshub.com/pricing?repo_id=52439
[ 2026-06-23 13:55:58,749 ] 60 root - WARNING - MLflow tracking failed (skipping): 403: You have reached the limit of 100 experiments for a private repository in the free plan.
Please upgrade to the Team plan to increase the limit at https://dagshub.com/pricing?repo_id=52439
[ 2026-06-23 13:55:58,755 ] 46 root - INFO - Entered the save_object method of MainUtils class
[ 2026-06-23 13:55:58,794 ] 50 root - INFO - Exited the save_object method of MainUtils class
[ 2026-06-23 13:55:58,794 ] 46 root - INFO - Entered the save_object method of MainUtils class
[ 2026-06-23 13:55:58,817 ] 50 root - INFO - Exited the save_object method of MainUtils class
[ 2026-06-23 13:55:58,817 ] 125 root - INFO - Model trainer artifact: ModelTrainerArtifact(trained_model_file_path='Artifacts/06_23_2026_13_43_55/model_trainer/trained_model/model.pkl', train_metric_artifact=ClassificationMetricArtifact(f1_score=0.9924219460442558, precision_score=0.9897218863361548, recall_score=0.9951367781155015), test_metric_artifact=ClassificationMetricArtifact(f1_score=0.9721437222446507, precision_score=0.9593625498007968, recall_score=0.9852700490998363))
